<?xml version="1.0" encoding="UTF-8" ?>
<testsuite errors="14" failures="0" hostname="clement-S550CB-L" name="TestCombat.CombatTestClement" skipped="0" tests="14" time="0.318" timestamp="2020-06-17T15:54:18">
  <properties>
    <property name="libs.jsp-compiler.javadoc" value="" />
    <property name="netbeans.autoupdate.country" value="FR" />
    <property name="javafx.binarycss" value="false" />
    <property name="javac.test.classpath" value="/home/clement/JAVAtool/jdk1.8.0_241/jre/lib/javaws.jar:/home/clement/JAVAtool/jdk1.8.0_241/jre/lib/deploy.jar:/home/clement/JAVAtool/jdk1.8.0_241/jre/lib/plugin.jar:../../Vesion 1/sqlite/connect/sqlite-jdbc-3.27.2.1.jar:build/classes:../../Vesion 1/sqlite/connect/sqlite-jdbc-3.27.2.1.jar:/home/clement/JAVAtool/netbeans/platform/modules/ext/junit-4.12.jar:/home/clement/JAVAtool/netbeans/platform/modules/ext/hamcrest-core-1.3.jar" />
    <property name="libs.jsf20.maven-pom" value="" />
    <property name="manifest.custom.codebase" value="*" />
    <property name="javac.test.sourcepath" value="/media/clement/USBa-cClement/cour 2019-2020/PTS2/test full/Projet Work/build/empty" />
    <property name="libs.spring-webmvc4.0.src" value="" />
    <property name="javac.includes" value="TestCombat/CombatTestClement.java" />
    <property name="ant.core.lib" value="/home/clement/JAVAtool/netbeans/extide/ant/lib/ant.jar" />
    <property name="javadoc.windowtitle" value="" />
    <property name="libs.jsp-compilation.javadoc" value="" />
    <property name="javafx.preloader.enabled" value="false" />
    <property name="user.dir" value="/media/clement/USBa-cClement/cour 2019-2020/PTS2/test full/Projet Work" />
    <property name="libs.javaee-api-7.0.src" value="" />
    <property name="java.vm.version" value="25.241-b07" />
    <property name="libs.eclipselinkmodelgen.src" value="" />
    <property name="javadoc.notree" value="false" />
    <property name="netbeans.autoupdate.version" value="1.23" />
    <property name="netbeans.running.environment" value="gnome" />
    <property name="libs.javaee-web-api-6.0.classpath" value="/home/clement/JAVAtool/netbeans/enterprise/modules/ext/javaee-web-api-6.0.jar" />
    <property name="javac.profile.cmd.line.arg" value="" />
    <property name="jdk.home" value="/home/clement/JAVAtool/jdk1.8.0_241" />
    <property name="libs.javac-api.src" value="" />
    <property name="javafx.enabled" value="true" />
    <property name="javadoc.noindex" value="false" />
    <property name="sun.os.patch.level" value="unknown" />
    <property name="auxiliary.org-netbeans-modules-projectapi.issue214819_5f_fx_5f_enabled" value="true" />
    <property name="java.vm.specification.name" value="Java Virtual Machine Specification" />
    <property name="nb.show.statistics.ui" value="usageStatisticsEnabled" />
    <property name="netbeans.autoupdate.variant" value="" />
    <property name="have.tests" value="true" />
    <property name="org.xml.sax.driver" value="com.sun.org.apache.xerces.internal.jaxp.SAXParserImpl$JAXPSAXParser" />
    <property name="libs.hamcrest.classpath" value="/home/clement/JAVAtool/netbeans/platform/modules/ext/hamcrest-core-1.3.jar" />
    <property name="libs.javac-api.javadoc" value="" />
    <property name="os.name" value="Linux" />
    <property name="test.class" value="TestCombat.CombatTestClement" />
    <property name="jdk.gtk.version" value="2.2" />
    <property name="libs.javaee-endorsed-api-7.0.maven-pom" value="" />
    <property name="ap.proc.none.internal" value="" />
    <property name="libs.restapi.javadoc" value="" />
    <property name="libs.JWSAntTasks.maven-pom" value="" />
    <property name="libs.jstl.classpath" value="/home/clement/JAVAtool/netbeans/enterprise/modules/ext/jstl-impl.jar:/home/clement/JAVAtool/netbeans/enterprise/modules/ext/jstl-api.jar" />
    <property name="libs.testng.src" value="" />
    <property name="javafx.preloader.project.path" value="" />
    <property name="libs.spring-webmvc3.0.src" value="" />
    <property name="libs.restapi.classpath" value="/home/clement/JAVAtool/netbeans/enterprise/modules/ext/jaxrs-2.0/javax.ws.rs-api-2.0.jar" />
    <property name="java.vendor.url.bug" value="http://bugreport.sun.com/bugreport/" />
    <property name="javafx.preloader.type" value="none" />
    <property name="libs.jaxb.maven-pom" value="" />
    <property name="os.arch" value="amd64" />
    <property name="libs.eclipselink.src" value="" />
    <property name="user.name" value="clement" />
    <property name="libs.jsf12.javadoc" value="/home/clement/JAVAtool/netbeans/enterprise/docs/javaee-doc-api.jar" />
    <property name="copylibs.rebase" value="true" />
    <property name="libs.spring-webmvc3.0.maven-pom" value="" />
    <property name="sun.java.command" value="org.apache.tools.ant.taskdefs.optional.junit.JUnitTestRunner TestCombat.CombatTestClement skipNonTests=false filtertrace=true haltOnError=false haltOnFailure=false showoutput=true outputtoformatters=true logfailedtests=true threadid=0 logtestlistenerevents=true formatter=org.apache.tools.ant.taskdefs.optional.junit.BriefJUnitResultFormatter formatter=org.apache.tools.ant.taskdefs.optional.junit.XMLJUnitResultFormatter,/media/clement/USBa-cClement/cour 2019-2020/PTS2/test full/Projet Work/build/test/results/TEST-TestCombat.CombatTestClement.xml crashfile=/media/clement/USBa-cClement/cour 2019-2020/PTS2/test full/Projet Work/build/junitvmwatcher5352767049214270106.properties propsfile=/media/clement/USBa-cClement/cour 2019-2020/PTS2/test full/Projet Work/build/junit497881060451741562.properties" />
    <property name="build.classes.dir" value="build/classes" />
    <property name="build.sysclasspath" value="ignore" />
    <property name="manifest.encoding" value="UTF-8" />
    <property name="ap.supported.internal" value="true" />
    <property name="java.failonerror" value="true" />
    <property name="libs.javaee-api-8.0.maven-pom" value="" />
    <property name="run.modulepath" value="" />
    <property name="libs.javaee-endorsed-api-7.0.javadoc" value="/home/clement/JAVAtool/netbeans/enterprise/docs/javaee-doc-api.jar" />
    <property name="libs.jaxws21.javadoc" value="/home/clement/JAVAtool/netbeans/java/docs/jaxws-api-doc.zip" />
    <property name="libs.spring-webmvc4.0.javadoc" value="" />
    <property name="javafx.run.width" value="800" />
    <property name="includes" value="**" />
    <property name="user.country" value="FR" />
    <property name="manifest.file" value="manifest.mf" />
    <property name="javadoc.encoding" value="UTF-8" />
    <property name="javac.classpath" value="/home/clement/JAVAtool/jdk1.8.0_241/jre/lib/javaws.jar:/home/clement/JAVAtool/jdk1.8.0_241/jre/lib/deploy.jar:/home/clement/JAVAtool/jdk1.8.0_241/jre/lib/plugin.jar:../../Vesion 1/sqlite/connect/sqlite-jdbc-3.27.2.1.jar" />
    <property name="libs.jsp-compilation-syscp.src" value="" />
    <property name="libs.spring-framework400.classpath" value="/home/clement/JAVAtool/netbeans/ide/modules/org-apache-commons-logging.jar:/home/clement/JAVAtool/netbeans/java/modules/ext/cglib-2.2.jar:/home/clement/JAVAtool/netbeans/java/modules/ext/spring-4/spring-aop-4.0.1.RELEASE.jar:/home/clement/JAVAtool/netbeans/java/modules/ext/spring-4/spring-aspects-4.0.1.RELEASE.jar:/home/clement/JAVAtool/netbeans/java/modules/ext/spring-4/spring-beans-4.0.1.RELEASE.jar:/home/clement/JAVAtool/netbeans/java/modules/ext/spring-4/spring-build-src-4.0.1.RELEASE.jar:/home/clement/JAVAtool/netbeans/java/modules/ext/spring-4/spring-context-4.0.1.RELEASE.jar:/home/clement/JAVAtool/netbeans/java/modules/ext/spring-4/spring-context-support-4.0.1.RELEASE.jar:/home/clement/JAVAtool/netbeans/java/modules/ext/spring-4/spring-core-4.0.1.RELEASE.jar:/home/clement/JAVAtool/netbeans/java/modules/ext/spring-4/spring-expression-4.0.1.RELEASE.jar:/home/clement/JAVAtool/netbeans/java/modules/ext/spring-4/spring-framework-bom-4.0.1.RELEASE.jar:/home/clement/JAVAtool/netbeans/java/modules/ext/spring-4/spring-instrument-4.0.1.RELEASE.jar:/home/clement/JAVAtool/netbeans/java/modules/ext/spring-4/spring-instrument-tomcat-4.0.1.RELEASE.jar:/home/clement/JAVAtool/netbeans/java/modules/ext/spring-4/spring-jdbc-4.0.1.RELEASE.jar:/home/clement/JAVAtool/netbeans/java/modules/ext/spring-4/spring-jms-4.0.1.RELEASE.jar:/home/clement/JAVAtool/netbeans/java/modules/ext/spring-4/spring-messaging-4.0.1.RELEASE.jar:/home/clement/JAVAtool/netbeans/java/modules/ext/spring-4/spring-orm-4.0.1.RELEASE.jar:/home/clement/JAVAtool/netbeans/java/modules/ext/spring-4/spring-oxm-4.0.1.RELEASE.jar:/home/clement/JAVAtool/netbeans/java/modules/ext/spring-4/spring-test-4.0.1.RELEASE.jar:/home/clement/JAVAtool/netbeans/java/modules/ext/spring-4/spring-tx-4.0.1.RELEASE.jar:/home/clement/JAVAtool/netbeans/java/modules/ext/spring-4/spring-web-4.0.1.RELEASE.jar:/home/clement/JAVAtool/netbeans/java/modules/ext/spring-4/spring-webmvc-4.0.1.RELEASE.jar:/home/clement/JAVAtool/netbeans/java/modules/ext/spring-4/spring-webmvc-portlet-4.0.1.RELEASE.jar:/home/clement/JAVAtool/netbeans/java/modules/ext/spring-4/spring-websocket-4.0.1.RELEASE.jar" />
    <property name="debug-transport" value="dt_socket" />
    <property name="netbeans.home" value="/home/clement/JAVAtool/netbeans/platform" />
    <property name="build.compiler.emacs" value="true" />
    <property name="libs.javaee-web-api-6.0.src" value="" />
    <property name="libs.jsp-compilation-syscp.classpath" value="/home/clement/JAVAtool/netbeans/extide/ant/lib/ant.jar:/home/clement/JAVAtool/netbeans/enterprise/modules/ext/servlet3.1-jsp2.3-api.jar:/home/clement/JAVAtool/netbeans/enterprise/modules/ext/glassfish-jspparser-4.0.jar:/home/clement/JAVAtool/netbeans/enterprise/modules/ext/jstl-impl.jar:/home/clement/JAVAtool/netbeans/enterprise/modules/ext/jsf-2_2/javax.faces.jar" />
    <property name="javac.modulepath" value="" />
    <property name="javafx.deploy.includeDT" value="true" />
    <property name="java.endorsed.dirs" value="/home/clement/JAVAtool/jdk1.8.0_241/jre/lib/endorsed" />
    <property name="file.reference.sqlite-jdbc-3.27.2.1.jar" value="../../Vesion 1/sqlite/connect/sqlite-jdbc-3.27.2.1.jar" />
    <property name="libs.groovy-all.src" value="" />
    <property name="libs.junit_5.src" value="/home/clement/JAVAtool/netbeans/platform/docs/junit-jupiter-api-5.3.1-sources.jar:/home/clement/JAVAtool/netbeans/platform/docs/junit-jupiter-params-5.3.1-sources.jar:/home/clement/JAVAtool/netbeans/platform/docs/junit-jupiter-engine-5.3.1-sources.jar" />
    <property name="test.includes" value="TestCombat/CombatTestClement.java" />
    <property name="netbeans.dynamic.classpath" value="/home/clement/JAVAtool/netbeans/platform/core/asm-all-5.0.1.jar:/home/clement/JAVAtool/netbeans/platform/core/core-base.jar:/home/clement/JAVAtool/netbeans/platform/core/org-openide-filesystems.jar:/home/clement/JAVAtool/netbeans/platform/core/core.jar:/home/clement/JAVAtool/netbeans/platform/core/org-openide-filesystems-compat8.jar:/home/clement/JAVAtool/netbeans/platform/core/org-netbeans-libs-asm.jar:/home/clement/JAVAtool/netbeans/nb/core/org-netbeans-upgrader.jar:/home/clement/JAVAtool/netbeans/nb/core/locale/core_nb.jar" />
    <property name="jnlp.enabled" value="false" />
    <property name="libs.maven-dependencies.classpath" value="/home/clement/JAVAtool/netbeans/enterprise/modules/ext/javaee6-endorsed/javax.annotation.jar:/home/clement/JAVAtool/netbeans/enterprise/modules/ext/javaee6-endorsed/jaxb-api-osgi.jar:/home/clement/JAVAtool/netbeans/enterprise/modules/ext/javaee6-endorsed/webservices-api-osgi.jar" />
    <property name="java.vm.specification.version" value="1.8" />
    <property name="plugin.manager.check.updates" value="false" />
    <property name="libs.primefaces.classpath" value="/home/clement/JAVAtool/netbeans/enterprise/modules/ext/primefaces/primefaces-5.0.jar" />
    <property name="libs.javaee-api-6.0.classpath" value="/home/clement/JAVAtool/netbeans/enterprise/modules/ext/javaee-api-6.0.jar" />
    <property name="libs.groovy-all.maven-pom" value="" />
    <property name="netbeans.productversion" value="Apache NetBeans IDE 11.2" />
    <property name="javafx.preloader.class" value="" />
    <property name="libs.jaxws21.src" value="" />
    <property name="application.title" value="B_DEMART_Erwan" />
    <property name="ant.file.type.B_DEMART_Erwan-impl" value="file" />
    <property name="netbeans.autoupdate.language" value="fr" />
    <property name="java.vendor" value="Oracle Corporation" />
    <property name="libs.javaee-api-6.0.javadoc" value="/home/clement/JAVAtool/netbeans/enterprise/docs/javaee-doc-api.jar" />
    <property name="sun.font.fontmanager" value="sun.awt.X11FontManager" />
    <property name="jar.index.metainf" value="false" />
    <property name="javac.debug" value="true" />
    <property name="javadoc.splitindex" value="true" />
    <property name="file.separator" value="/" />
    <property name="javac.includesfile.binary" value="/media/clement/USBa-cClement/cour 2019-2020/PTS2/test full/Projet Work/null342604148" />
    <property name="libs.junit_4.maven-pom" value="" />
    <property name="javac.test.processorpath" value="/home/clement/JAVAtool/jdk1.8.0_241/jre/lib/javaws.jar:/home/clement/JAVAtool/jdk1.8.0_241/jre/lib/deploy.jar:/home/clement/JAVAtool/jdk1.8.0_241/jre/lib/plugin.jar:../../Vesion 1/sqlite/connect/sqlite-jdbc-3.27.2.1.jar:build/classes:../../Vesion 1/sqlite/connect/sqlite-jdbc-3.27.2.1.jar:/home/clement/JAVAtool/netbeans/platform/modules/ext/junit-4.12.jar:/home/clement/JAVAtool/netbeans/platform/modules/ext/hamcrest-core-1.3.jar" />
    <property name="netbeans.buildnumber" value="11.2-d04fb24027334c4b6fd8397b5d0cdd33187a8f54" />
    <property name="libs.JWSAntTasks.javadoc" value="" />
    <property name="build.generated.sources.dir" value="build/generated-sources" />
    <property name="libs.eclipselinkmodelgen.classpath" value="/home/clement/JAVAtool/netbeans/java/modules/ext/eclipselink/org.eclipse.persistence.jpa.modelgen.processor-2.5.2.jar" />
    <property name="libs.javaee-endorsed-api-7.0.src" value="" />
    <property name="sun.java.launcher" value="SUN_STANDARD" />
    <property name="libs.jaxb.javadoc" value="/home/clement/JAVAtool/netbeans/ide/docs/jaxb-api-2.2.5-javadoc.jar" />
    <property name="libs.struts.classpath" value="/home/clement/JAVAtool/netbeans/enterprise/modules/ext/struts/antlr-2.7.2.jar:/home/clement/JAVAtool/netbeans/enterprise/modules/ext/struts/bsf-2.3.0.jar:/home/clement/JAVAtool/netbeans/enterprise/modules/ext/struts/commons-beanutils-1.8.0.jar:/home/clement/JAVAtool/netbeans/enterprise/modules/ext/struts/commons-chain-1.2.jar:/home/clement/JAVAtool/netbeans/enterprise/modules/ext/struts/commons-digester-1.8.jar:/home/clement/JAVAtool/netbeans/enterprise/modules/ext/struts/commons-fileupload-1.1.1.jar:/home/clement/JAVAtool/netbeans/enterprise/modules/ext/struts/commons-io-1.1.jar:/home/clement/JAVAtool/netbeans/enterprise/modules/ext/struts/commons-logging-1.0.4.jar:/home/clement/JAVAtool/netbeans/enterprise/modules/ext/struts/commons-validator-1.3.1.jar:/home/clement/JAVAtool/netbeans/enterprise/modules/ext/struts/jstl-1.0.2.jar:/home/clement/JAVAtool/netbeans/enterprise/modules/ext/struts/oro-2.0.8.jar:/home/clement/JAVAtool/netbeans/enterprise/modules/ext/struts/standard-1.0.6.jar:/home/clement/JAVAtool/netbeans/enterprise/modules/ext/struts/struts-core-1.3.10.jar:/home/clement/JAVAtool/netbeans/enterprise/modules/ext/struts/struts-el-1.3.10.jar:/home/clement/JAVAtool/netbeans/enterprise/modules/ext/struts/struts-extras-1.3.10.jar:/home/clement/JAVAtool/netbeans/enterprise/modules/ext/struts/struts-faces-1.3.10.jar:/home/clement/JAVAtool/netbeans/enterprise/modules/ext/struts/struts-mailreader-dao-1.3.10.jar:/home/clement/JAVAtool/netbeans/enterprise/modules/ext/struts/struts-scripting-1.3.10.jar:/home/clement/JAVAtool/netbeans/enterprise/modules/ext/struts/struts-taglib-1.3.10.jar:/home/clement/JAVAtool/netbeans/enterprise/modules/ext/struts/struts-tiles-1.3.10.jar" />
    <property name="javac.includes.binary" value="/media/clement/USBa-cClement/cour 2019-2020/PTS2/test full/Projet Work/build/test/classes/TestCombat/CombatTestClement.class" />
    <property name="ant.home" value="/home/clement/JAVAtool/netbeans/extide/ant" />
    <property name="libs.junit_4.src" value="/home/clement/JAVAtool/netbeans/platform/docs/junit-4.12-sources.jar" />
    <property name="javafx.run.height" value="600" />
    <property name="libs.testng.classpath" value="/home/clement/JAVAtool/netbeans/platform/modules/ext/testng-6.8.1-dist.jar" />
    <property name="libs.absolutelayout.maven-pom" value="" />
    <property name="ant.java.version" value="1.8" />
    <property name="java.library.path" value="/usr/java/packages/lib/amd64:/usr/lib64:/lib64:/lib:/usr/lib" />
    <property name="javadoc.author" value="false" />
    <property name="libs.metro.maven-pom" value="" />
    <property name="java.util.logging.config.class" value="org.netbeans.core.startup.TopLogging" />
    <property name="libs.spring-framework400.src" value="" />
    <property name="libs.PostgreSQLDriver.src" value="" />
    <property name="sun.arch.data.model" value="64" />
    <property name="basedir" value="/media/clement/USBa-cClement/cour 2019-2020/PTS2/test full/Projet Work" />
    <property name="libs.jpa20-persistence.maven-pom" value="" />
    <property name="jar.compress" value="false" />
    <property name="libs.javaee-web-api-7.0.classpath" value="/home/clement/JAVAtool/netbeans/enterprise/modules/ext/javaee-web-api-7.0.jar" />
    <property name="path.separator" value=":" />
    <property name="libs.javaee-web-api-6.0.javadoc" value="/home/clement/JAVAtool/netbeans/enterprise/docs/javaee-doc-api.jar" />
    <property name="ant.junit.enabletestlistenerevents" value="true" />
    <property name="sun.io.unicode.encoding" value="UnicodeLittle" />
    <property name="libs.jaxws21.classpath" value="/home/clement/JAVAtool/netbeans/java/modules/ext/jaxws22/FastInfoset.jar:/home/clement/JAVAtool/netbeans/java/modules/ext/jaxws22/gmbal-api-only.jar:/home/clement/JAVAtool/netbeans/java/modules/ext/jaxws22/ha-api.jar:/home/clement/JAVAtool/netbeans/java/modules/ext/jaxws22/javax.mail_1.4.jar:/home/clement/JAVAtool/netbeans/java/modules/ext/jaxws22/jaxws-rt.jar:/home/clement/JAVAtool/netbeans/java/modules/ext/jaxws22/jaxws-tools.jar:/home/clement/JAVAtool/netbeans/java/modules/ext/jaxws22/management-api.jar:/home/clement/JAVAtool/netbeans/java/modules/ext/jaxws22/mimepull.jar:/home/clement/JAVAtool/netbeans/java/modules/ext/jaxws22/policy.jar:/home/clement/JAVAtool/netbeans/java/modules/ext/jaxws22/saaj-impl.jar:/home/clement/JAVAtool/netbeans/java/modules/ext/jaxws22/stax-ex.jar:/home/clement/JAVAtool/netbeans/java/modules/ext/jaxws22/stax2-api.jar:/home/clement/JAVAtool/netbeans/java/modules/ext/jaxws22/streambuffer.jar:/home/clement/JAVAtool/netbeans/java/modules/ext/jaxws22/woodstox-core-asl.jar:/home/clement/JAVAtool/netbeans/java/modules/ext/jaxws22/api/jaxws-api.jar:/home/clement/JAVAtool/netbeans/java/modules/ext/jaxws22/api/jsr181-api.jar:/home/clement/JAVAtool/netbeans/java/modules/ext/jaxws22/api/javax.annotation.jar:/home/clement/JAVAtool/netbeans/java/modules/ext/jaxws22/api/saaj-api.jar:/home/clement/JAVAtool/netbeans/ide/modules/ext/jaxb/activation.jar:/home/clement/JAVAtool/netbeans/ide/modules/ext/jaxb/api/jaxb-api.jar" />
    <property name="libs.struts.src" value="" />
    <property name="compile.on.save" value="true" />
    <property name="apple.awt.graphics.UseQuartz" value="true" />
    <property name="user.language" value="fr" />
    <property name="testng.mode" value="testng" />
    <property name="libs.JAXB-ENDORSED.maven-pom" value="" />
    <property name="libs.eclipselink.maven-pom" value="" />
    <property name="org.netbeans.io.suspend" value="0" />
    <property name="application.vendor" value="yugog" />
    <property name="test.binaryincludes" value="&lt;nothing&gt;" />
    <property name="manifest.available" value="true" />
    <property name="libs.primefaces.javadoc" value="" />
    <property name="libs.spring-framework300.maven-pom" value="" />
    <property name="run.test.classpath" value="/home/clement/JAVAtool/jdk1.8.0_241/jre/lib/javaws.jar:/home/clement/JAVAtool/jdk1.8.0_241/jre/lib/deploy.jar:/home/clement/JAVAtool/jdk1.8.0_241/jre/lib/plugin.jar:../../Vesion 1/sqlite/connect/sqlite-jdbc-3.27.2.1.jar:build/classes:../../Vesion 1/sqlite/connect/sqlite-jdbc-3.27.2.1.jar:/home/clement/JAVAtool/netbeans/platform/modules/ext/junit-4.12.jar:/home/clement/JAVAtool/netbeans/platform/modules/ext/hamcrest-core-1.3.jar:build/test/classes" />
    <property name="ant.project.invoked-targets" value="test-single" />
    <property name="test.binaryexcludes" value="" />
    <property name="sun.java2d.dpiaware" value="true" />
    <property name="https.nonProxyHosts" value="localhost|127.0.0.1|clement-S550CB-L" />
    <property name="libs.PostgreSQLDriver.maven-pom" value="" />
    <property name="java.class.version" value="52.0" />
    <property name="libs.eclipselink.javadoc" value="" />
    <property name="libs.jsp-compilation.maven-pom" value="" />
    <property name="user.properties.file" value="/home/clement/.netbeans/11.2/build.properties" />
    <property name="runtime.encoding" value="UTF-8" />
    <property name="javafx.rebase.libs" value="false" />
    <property name="libs.javac-api.maven-pom" value="" />
    <property name="file.encoding.pkg" value="sun.io" />
    <property name="sun.cpu.endian" value="little" />
    <property name="libs.JAXB-ENDORSED.javadoc" value="" />
    <property name="libs.JWSAntTasks.classpath" value="/home/clement/JAVAtool/netbeans/java/ant/extra/org-netbeans-modules-javawebstart-anttasks.jar" />
    <property name="libs.spring-webmvc4.0.maven-pom" value="" />
    <property name="libs.spring-framework300.src" value="" />
    <property name="ant.file.type.B_DEMART_Erwan" value="file" />
    <property name="libs.jstl.src" value="" />
    <property name="empty.dir" value="/media/clement/USBa-cClement/cour 2019-2020/PTS2/test full/Projet Work/build/empty" />
    <property name="javafx.deploy.backgroundupdate" value="false" />
    <property name="javafx.disable.concurrent.runs" value="false" />
    <property name="test.binarytestincludes" value="" />
    <property name="javafx.preloader.jar.path" value="" />
    <property name="javadoc.preview" value="true" />
    <property name="libs.jpa20-persistence.javadoc" value="" />
    <property name="java.home" value="/home/clement/JAVAtool/jdk1.8.0_241/jre" />
    <property name="libs.jsp-compilation.src" value="" />
    <property name="debug.test.classpath" value="/home/clement/JAVAtool/jdk1.8.0_241/jre/lib/javaws.jar:/home/clement/JAVAtool/jdk1.8.0_241/jre/lib/deploy.jar:/home/clement/JAVAtool/jdk1.8.0_241/jre/lib/plugin.jar:../../Vesion 1/sqlite/connect/sqlite-jdbc-3.27.2.1.jar:build/classes:../../Vesion 1/sqlite/connect/sqlite-jdbc-3.27.2.1.jar:/home/clement/JAVAtool/netbeans/platform/modules/ext/junit-4.12.jar:/home/clement/JAVAtool/netbeans/platform/modules/ext/hamcrest-core-1.3.jar:build/test/classes" />
    <property name="libs.javaee-api-6.0.src" value="" />
    <property name="netbeans.importclass" value="org.netbeans.upgrade.AutoUpgrade" />
    <property name="ant.project.default-target" value="default" />
    <property name="annotation.processing.run.all.processors" value="true" />
    <property name="jar.archive.disabled" value="true" />
    <property name="libs.PostgreSQLDriver.javadoc" value="" />
    <property name="libs.restlib.classpath" value="/home/clement/JAVAtool/netbeans/enterprise/modules/ext/jersey2/ext/asm-all-repackaged-2.2.0-b21.jar:/home/clement/JAVAtool/netbeans/enterprise/modules/ext/jersey2/ext/cglib-2.2.0-b21.jar:/home/clement/JAVAtool/netbeans/enterprise/modules/ext/jersey2/ext/guava-14.0.1.jar:/home/clement/JAVAtool/netbeans/enterprise/modules/ext/jersey2/ext/hk2-api-2.2.0-b21.jar:/home/clement/JAVAtool/netbeans/enterprise/modules/ext/jersey2/ext/hk2-locator-2.2.0-b21.jar:/home/clement/JAVAtool/netbeans/enterprise/modules/ext/jersey2/ext/hk2-utils-2.2.0-b21.jar:/home/clement/JAVAtool/netbeans/enterprise/modules/ext/jersey2/ext/javax.annotation-api-1.2.jar:/home/clement/JAVAtool/netbeans/enterprise/modules/ext/jersey2/ext/javax.inject-2.2.0-b21.jar:/home/clement/JAVAtool/netbeans/enterprise/modules/ext/jersey2/ext/javax.servlet-api-3.0.1.jar:/home/clement/JAVAtool/netbeans/enterprise/modules/ext/jersey2/ext/jaxb-api-2.2.7.jar:/home/clement/JAVAtool/netbeans/enterprise/modules/ext/jersey2/ext/jersey-entity-filtering-2.5.1.jar:/home/clement/JAVAtool/netbeans/enterprise/modules/ext/jersey2/ext/jersey-media-moxy-2.5.1.jar:/home/clement/JAVAtool/netbeans/enterprise/modules/ext/jersey2/ext/org.osgi.core-4.2.0.jar:/home/clement/JAVAtool/netbeans/enterprise/modules/ext/jersey2/ext/osgi-resource-locator-1.0.1.jar:/home/clement/JAVAtool/netbeans/enterprise/modules/ext/jersey2/ext/persistence-api-1.0.jar:/home/clement/JAVAtool/netbeans/enterprise/modules/ext/jersey2/ext/validation-api-1.1.0.Final.jar:/home/clement/JAVAtool/netbeans/enterprise/modules/ext/jersey2/jersey-client.jar:/home/clement/JAVAtool/netbeans/enterprise/modules/ext/jersey2/jersey-common.jar:/home/clement/JAVAtool/netbeans/enterprise/modules/ext/jersey2/jersey-container-servlet.jar:/home/clement/JAVAtool/netbeans/enterprise/modules/ext/jersey2/jersey-container-servlet-core.jar:/home/clement/JAVAtool/netbeans/enterprise/modules/ext/jersey2/jersey-server.jar" />
    <property name="javafx.main.class" value="b_demart_erwan.B_DEMART_Erwan" />
    <property name="netbeans.extbrowser.manual_chrome_plugin_install" value="yes" />
    <property name="javafx.application.implementation.version" value="1.0" />
    <property name="http.nonProxyHosts" value="localhost|127.0.0.1|clement-S550CB-L" />
    <property name="libs.junit_4.javadoc" value="/home/clement/JAVAtool/netbeans/platform/docs/junit-4.12-javadoc.jar" />
    <property name="javac.test.modulepath" value="" />
    <property name="libs.javaee-web-api-6.0.maven-pom" value="" />
    <property name="run.classpath" value="dist/B_DEMART_Erwan.jar:/home/clement/JAVAtool/jdk1.8.0_241/jre/lib/javaws.jar:/home/clement/JAVAtool/jdk1.8.0_241/jre/lib/deploy.jar:/home/clement/JAVAtool/jdk1.8.0_241/jre/lib/plugin.jar:../../Vesion 1/sqlite/connect/sqlite-jdbc-3.27.2.1.jar:build/classes" />
    <property name="jna.boot.library.name" value="jnidispatch-nb" />
    <property name="libs.javaee-api-7.0.classpath" value="/home/clement/JAVAtool/netbeans/enterprise/modules/ext/javaee-api-7.0.jar" />
    <property name="sun.awt.datatransfer.timeout" value="1000" />
    <property name="ant.file.B_DEMART_Erwan-impl" value="/media/clement/USBa-cClement/cour 2019-2020/PTS2/test full/Projet Work/nbproject/build-impl.xml" />
    <property name="libs.spring-webmvc3.0.javadoc" value="" />
    <property name="annotation.processing.enabled.in.editor" value="false" />
    <property name="nb.native.filechooser" value="false" />
    <property name="libs.restapi.src" value="" />
    <property name="sun.management.compiler" value="HotSpot 64-Bit Tiered Compilers" />
    <property name="javac.deprecation" value="false" />
    <property name="javadoc.use" value="true" />
    <property name="sun.java2d.noddraw" value="true" />
    <property name="libs.jsp-compiler.classpath" value="/home/clement/JAVAtool/netbeans/enterprise/ant/extra/jspcompile.jar" />
    <property name="javac.processorpath" value="/home/clement/JAVAtool/jdk1.8.0_241/jre/lib/javaws.jar:/home/clement/JAVAtool/jdk1.8.0_241/jre/lib/deploy.jar:/home/clement/JAVAtool/jdk1.8.0_241/jre/lib/plugin.jar:../../Vesion 1/sqlite/connect/sqlite-jdbc-3.27.2.1.jar" />
    <property name="libs.hamcrest.maven-pom" value="" />
    <property name="libs.junit_5.classpath" value="/home/clement/JAVAtool/netbeans/platform/modules/ext/junit-jupiter-api-5.3.1.jar:/home/clement/JAVAtool/netbeans/platform/modules/ext/junit-jupiter-params-5.3.1.jar:/home/clement/JAVAtool/netbeans/platform/modules/ext/junit-jupiter-engine-5.3.1.jar" />
    <property name="javac.compilerargs" value="" />
    <property name="ant.file" value="/media/clement/USBa-cClement/cour 2019-2020/PTS2/test full/Projet Work/build.xml" />
    <property name="libs.jsf12.classpath" value="/home/clement/JAVAtool/netbeans/enterprise/modules/ext/jsf-1_2/jsf-api.jar:/home/clement/JAVAtool/netbeans/enterprise/modules/ext/jsf-1_2/jsf-impl.jar" />
    <property name="libs.jstl.maven-pom" value="" />
    <property name="libs.restapi.maven-pom" value="" />
    <property name="java.vm.specification.vendor" value="Oracle Corporation" />
    <property name="org.openide.major.version" value="IDE/1" />
    <property name="java.vm.name" value="Java HotSpot(TM) 64-Bit Server VM" />
    <property name="javafx.preloader.jar.filename" value="" />
    <property name="netbeans.user" value="/home/clement/.netbeans/11.2" />
    <property name="javadoc.additionalparam" value="" />
    <property name="java.io.tmpdir" value="/tmp" />
    <property name="java.vendor.url" value="http://java.oracle.com/" />
    <property name="endorsed.classpath.cmd.line.arg" value="" />
    <property name="jna.loaded" value="true" />
    <property name="junit.available" value="true" />
    <property name="libs.javaee-web-api-8.0.classpath" value="/home/clement/JAVAtool/netbeans/enterprise/modules/ext/javaee-web-api-8.0.jar" />
    <property name="libs.jsp-compiler.src" value="" />
    <property name="sun.boot.library.path" value="/home/clement/JAVAtool/jdk1.8.0_241/jre/lib/amd64" />
    <property name="have.sources" value="true" />
    <property name="libs.hamcrest.javadoc" value="" />
    <property name="debug.classpath" value="dist/B_DEMART_Erwan.jar:/home/clement/JAVAtool/jdk1.8.0_241/jre/lib/javaws.jar:/home/clement/JAVAtool/jdk1.8.0_241/jre/lib/deploy.jar:/home/clement/JAVAtool/jdk1.8.0_241/jre/lib/plugin.jar:../../Vesion 1/sqlite/connect/sqlite-jdbc-3.27.2.1.jar:build/classes" />
    <property name="javadoc.private" value="false" />
    <property name="test.src.dir" value="test" />
    <property name="libs.jsf20.classpath" value="/home/clement/JAVAtool/netbeans/enterprise/modules/ext/jsf-2_2/javax.faces.jar" />
    <property name="ap.processors.internal" value="" />
    <property name="libs.javaee-api-8.0.javadoc" value="/home/clement/JAVAtool/netbeans/enterprise/docs/javaee-doc-api.jar" />
    <property name="meta.inf.dir" value="src/META-INF" />
    <property name="javadoc.encoding.used" value="UTF-8" />
    <property name="dist.jar" value="dist/B_DEMART_Erwan.jar" />
    <property name="libs.spring-framework400.maven-pom" value="" />
    <property name="java.runtime.name" value="Java(TM) SE Runtime Environment" />
    <property name="debug.test.modulepath" value="" />
    <property name="ant.project.name" value="B_DEMART_Erwan" />
    <property name="netbeans.hash.code" value="unique=0f213d1d7-f731-450d-8c58-0c74892697bb_e927d5a9-b02d-4230-9367-39ffec26d9e5" />
    <property name="netbeans.default_userdir_root" value="/home/clement/.netbeans" />
    <property name="libs.jsp-compilation-syscp.maven-pom" value="" />
    <property name="junit.selected.version" value="4" />
    <property name="sun.cpu.isalist" value="" />
    <property name="libs.spring-framework400.javadoc" value="" />
    <property name="libs.CopyLibs.javadoc" value="" />
    <property name="org.openide.specification.version" value="6.2" />
    <property name="libs.maven-dependencies.maven-pom" value="" />
    <property name="javafx.classpath.extension" value="/home/clement/JAVAtool/jdk1.8.0_241/jre/lib/javaws.jar:/home/clement/JAVAtool/jdk1.8.0_241/jre/lib/deploy.jar:/home/clement/JAVAtool/jdk1.8.0_241/jre/lib/plugin.jar" />
    <property name="user.home" value="/home/clement" />
    <property name="annotation.processing.processors.list" value="" />
    <property name="libs.primefaces.maven-pom" value="" />
    <property name="libs.javaee-api-6.0.maven-pom" value="" />
    <property name="libs.JWSAntTasks.src" value="" />
    <property name="jar.index" value="false" />
    <property name="libs.CopyLibs.maven-pom" value="" />
    <property name="libs.spring-framework300.javadoc" value="" />
    <property name="libs.absolutelayout.javadoc" value="" />
    <property name="java.specification.name" value="Java Platform API Specification" />
    <property name="java.specification.vendor" value="Oracle Corporation" />
    <property name="libs.javac-api.classpath" value="" />
    <property name="java.version" value="1.8.0_241" />
    <property name="run.jvmargs.ide" value="" />
    <property name="javadoc.version" value="false" />
    <property name="javac.processormodulepath" value="" />
    <property name="org.openide.version" value="deprecated" />
    <property name="platform.java" value="/home/clement/JAVAtool/jdk1.8.0_241/jre/bin/java" />
    <property name="source.encoding" value="UTF-8" />
    <property name="ap.cmd.line.internal" value="" />
    <property name="libs.eclipselinkmodelgen.maven-pom" value="" />
    <property name="libs.jsp-compilation-syscp.javadoc" value="" />
    <property name="libs.javaee-web-api-8.0.src" value="" />
    <property name="ant.file.type.jfx-impl" value="file" />
    <property name="libs.eclipselinkmodelgen.javadoc" value="" />
    <property name="libs.javaee-endorsed-api-7.0.classpath" value="/home/clement/JAVAtool/netbeans/enterprise/modules/ext/javaee7-endorsed/javax.annotation-api.jar:/home/clement/JAVAtool/netbeans/enterprise/modules/ext/javaee7-endorsed/javax.xml.soap-api.jar:/home/clement/JAVAtool/netbeans/enterprise/modules/ext/javaee7-endorsed/jaxb-api-osgi.jar:/home/clement/JAVAtool/netbeans/enterprise/modules/ext/javaee7-endorsed/jaxws-api.jar:/home/clement/JAVAtool/netbeans/enterprise/modules/ext/javaee7-endorsed/jsr181-api.jar" />
    <property name="libs.metro.javadoc" value="/home/clement/JAVAtool/netbeans/enterprise/docs/webservices-api-javadoc.jar:/home/clement/JAVAtool/netbeans/enterprise/docs/webservices-extra-javadoc.jar:/home/clement/JAVAtool/netbeans/enterprise/docs/webservices-extra-api-javadoc.jar:/home/clement/JAVAtool/netbeans/enterprise/docs/webservices-rt-javadoc.jar:/home/clement/JAVAtool/netbeans/enterprise/docs/webservices-tools-javadoc.jar" />
    <property name="libs.struts.maven-pom" value="" />
    <property name="ant.file.jfx-impl" value="/media/clement/USBa-cClement/cour 2019-2020/PTS2/test full/Projet Work/nbproject/jfx-impl.xml" />
    <property name="jnidispatch.path" value="/home/clement/.cache/JNA/temp/jna7763799860263333324.tmp" />
    <property name="netbeans.home+have.tests" value="true" />
    <property name="ant.file.B_DEMART_Erwan" value="/media/clement/USBa-cClement/cour 2019-2020/PTS2/test full/Projet Work/build.xml" />
    <property name="annotation.processing.processor.options" value="" />
    <property name="libs.testng.maven-pom" value="" />
    <property name="libs.jaxb.src" value="" />
    <property name="work.dir" value="/media/clement/USBa-cClement/cour 2019-2020/PTS2/test full/Projet Work" />
    <property name="libs.jaxb.classpath" value="/home/clement/JAVAtool/netbeans/ide/modules/ext/jaxb/jaxb-impl-2.2.5-2.jar:/home/clement/JAVAtool/netbeans/ide/modules/ext/jaxb/jaxb-xjc-2.2.5-2.jar:/home/clement/JAVAtool/netbeans/ide/modules/ext/jaxb/jaxb1-impl-2.2.5-2.jar:/home/clement/JAVAtool/netbeans/ide/modules/ext/jaxb/activation.jar:/home/clement/JAVAtool/netbeans/ide/modules/ext/jaxb/api/jaxb-api.jar" />
    <property name="compile.on.save.unsupported.javafx" value="true" />
    <property name="do.depend" value="false" />
    <property name="dist.javadoc.dir" value="dist/javadoc" />
    <property name="libs.spring-webmvc3.0.classpath" value="/home/clement/JAVAtool/netbeans/java/modules/ext/spring-3.0/spring-webmvc-3.2.7.RELEASE.jar" />
    <property name="libs.javaee-web-api-7.0.maven-pom" value="" />
    <property name="libs.restlib.src" value="" />
    <property name="javac.source" value="1.8" />
    <property name="build.generated.dir" value="build/generated" />
    <property name="javafx.fallback.class" value="com.javafx.main.NoJavaFXFallback" />
    <property name="line.separator" value="&#xa;" />
    <property name="libs.javaee-api-8.0.classpath" value="/home/clement/JAVAtool/netbeans/enterprise/modules/ext/javaee-api-8.0.jar" />
    <property name="java.specification.version" value="1.8" />
    <property name="java.vm.info" value="mixed mode" />
    <property name="libs.jaxws21.maven-pom" value="" />
    <property name="nb.junit.batch" value="true" />
    <property name="junit.forkmode" value="perTest" />
    <property name="sun.boot.class.path" value="/home/clement/JAVAtool/jdk1.8.0_241/jre/lib/resources.jar:/home/clement/JAVAtool/jdk1.8.0_241/jre/lib/rt.jar:/home/clement/JAVAtool/jdk1.8.0_241/jre/lib/sunrsasign.jar:/home/clement/JAVAtool/jdk1.8.0_241/jre/lib/jsse.jar:/home/clement/JAVAtool/jdk1.8.0_241/jre/lib/jce.jar:/home/clement/JAVAtool/jdk1.8.0_241/jre/lib/charsets.jar:/home/clement/JAVAtool/jdk1.8.0_241/jre/lib/jfr.jar:/home/clement/JAVAtool/jdk1.8.0_241/jre/classes" />
    <property name="javac.target" value="1.8" />
    <property name="built-jar.properties" value="/media/clement/USBa-cClement/cour 2019-2020/PTS2/test full/Projet Work/build/built-jar.properties" />
    <property name="build.test.classes.dir" value="build/test/classes" />
    <property name="src.dir" value="src" />
    <property name="javac.test.compilerargs" value="" />
    <property name="annotation.processing.enabled" value="true" />
    <property name="libs.jsf20.src" value="" />
    <property name="libs.jpa20-persistence.src" value="" />
    <property name="libs.jsf12.src" value="" />
    <property name="libs.struts.javadoc" value="/home/clement/JAVAtool/netbeans/enterprise/docs/struts-1.3.10-javadoc.zip" />
    <property name="ignore.failing.tests" value="true" />
    <property name="javafx.enable.concurrent.external.runs" value="false" />
    <property name="libs.maven-dependencies.src" value="" />
    <property name="libs.javaee-web-api-7.0.src" value="" />
    <property name="libs.primefaces.src" value="" />
    <property name="javafx.deploy.embedJNLP" value="true" />
    <property name="dist.dir" value="dist" />
    <property name="libs.groovy-all.javadoc" value="" />
    <property name="testng.debug.mode" value="" />
    <property name="libs.groovy-all.classpath" value="/home/clement/JAVAtool/netbeans/groovy/modules/ext/groovy.jar:/home/clement/JAVAtool/netbeans/groovy/modules/ext/groovy-ant.jar" />
    <property name="javac.fork" value="false" />
    <property name="java.awt.printerjob" value="sun.print.PSPrinterJob" />
    <property name="default.javac.source" value="1.8" />
    <property name="debug-transport-by-os" value="dt_socket" />
    <property name="sun.jnu.encoding" value="UTF-8" />
    <property name="run.test.jvmargs" value="" />
    <property name="build.test.results.dir" value="build/test/results" />
    <property name="java.runtime.version" value="1.8.0_241-b07" />
    <property name="jna.platform.library.path" value="/usr/lib/x86_64-linux-gnu:/lib/x86_64-linux-gnu:/usr/lib64:/lib64:/usr/lib:/lib:/lib/i386-linux-gnu:/lib/x86_64-linux-gnu/tls:/lib/i386-linux-gnu/tls:/usr/lib/x86_64-linux-gnu/libfakeroot" />
    <property name="default.javac.target" value="1.8" />
    <property name="libs.junit_4.classpath" value="/home/clement/JAVAtool/netbeans/platform/modules/ext/junit-4.12.jar" />
    <property name="user.timezone" value="" />
    <property name="nb.junit.single" value="false" />
    <property name="netbeans.dirs" value="/home/clement/JAVAtool/netbeans/nb:/home/clement/JAVAtool/netbeans/ergonomics:/home/clement/JAVAtool/netbeans/ide:/home/clement/JAVAtool/netbeans/extide:/home/clement/JAVAtool/netbeans/java:/home/clement/JAVAtool/netbeans/apisupport:/home/clement/JAVAtool/netbeans/webcommon:/home/clement/JAVAtool/netbeans/websvccommon:/home/clement/JAVAtool/netbeans/enterprise:/home/clement/JAVAtool/netbeans/mobility:/home/clement/JAVAtool/netbeans/profiler:/home/clement/JAVAtool/netbeans/python:/home/clement/JAVAtool/netbeans/php:/home/clement/JAVAtool/netbeans/identity:/home/clement/JAVAtool/netbeans/harness:/home/clement/JAVAtool/netbeans/cnd:/home/clement/JAVAtool/netbeans/cndext:/home/clement/JAVAtool/netbeans/dlight:/home/clement/JAVAtool/netbeans/groovy:/home/clement/JAVAtool/netbeans/extra:/home/clement/JAVAtool/netbeans/javacard:/home/clement/JAVAtool/netbeans/javafx:" />
    <property name="libs.jsf20.javadoc" value="/home/clement/JAVAtool/netbeans/enterprise/docs/javaee-doc-api.jar" />
    <property name="libs.jstl.javadoc" value="/home/clement/JAVAtool/netbeans/enterprise/docs/javaee-doc-api.jar" />
    <property name="java.ext.dirs" value="/home/clement/JAVAtool/jdk1.8.0_241/jre/lib/ext:/usr/java/packages/lib/ext" />
    <property name="libs.metro.src" value="" />
    <property name="endorsed.classpath" value="" />
    <property name="libs.absolutelayout.classpath" value="/home/clement/JAVAtool/netbeans/java/modules/ext/AbsoluteLayout.jar" />
    <property name="excludes" value="" />
    <property name="libs.metro.classpath" value="/home/clement/JAVAtool/netbeans/ide/modules/ext/jaxb/activation.jar:/home/clement/JAVAtool/netbeans/enterprise/modules/ext/metro/webservices-api.jar:/home/clement/JAVAtool/netbeans/enterprise/modules/ext/metro/webservices-extra-api.jar:/home/clement/JAVAtool/netbeans/enterprise/modules/ext/metro/webservices-extra.jar:/home/clement/JAVAtool/netbeans/enterprise/modules/ext/metro/webservices-rt.jar:/home/clement/JAVAtool/netbeans/enterprise/modules/ext/metro/webservices-tools.jar" />
    <property name="libs.restlib.maven-pom" value="" />
    <property name="apple.laf.useScreenMenuBar" value="true" />
    <property name="java.class.path" value="/home/clement/JAVAtool/jdk1.8.0_241/jre/lib/javaws.jar:/home/clement/JAVAtool/jdk1.8.0_241/jre/lib/deploy.jar:/home/clement/JAVAtool/jdk1.8.0_241/jre/lib/plugin.jar:/media/clement/USBa-cClement/cour 2019-2020/PTS2/Vesion 1/sqlite/connect/sqlite-jdbc-3.27.2.1.jar:/media/clement/USBa-cClement/cour 2019-2020/PTS2/test full/Projet Work/build/classes:/home/clement/JAVAtool/netbeans/platform/modules/ext/junit-4.12.jar:/home/clement/JAVAtool/netbeans/platform/modules/ext/hamcrest-core-1.3.jar:/media/clement/USBa-cClement/cour 2019-2020/PTS2/test full/Projet Work/build/test/classes:/home/clement/JAVAtool/netbeans/extide/ant/lib/ant-launcher.jar:/home/clement/JAVAtool/netbeans/extide/ant/lib/ant.jar:/home/clement/JAVAtool/netbeans/extide/ant/lib/ant-junit.jar:/home/clement/JAVAtool/netbeans/extide/ant/lib/ant-junit4.jar" />
    <property name="libs.absolutelayout.src" value="" />
    <property name="libs.jpa20-persistence.classpath" value="/home/clement/JAVAtool/netbeans/java/modules/ext/eclipselink/javax.persistence-2.1.0.jar" />
    <property name="libs.junit_5.javadoc" value="/home/clement/JAVAtool/netbeans/platform/docs/junit-jupiter-api-5.3.1-javadoc.jar:/home/clement/JAVAtool/netbeans/platform/docs/junit-jupiter-params-5.3.1-javadoc.jar:/home/clement/JAVAtool/netbeans/platform/docs/junit-jupiter-engine-5.3.1-javadoc.jar" />
    <property name="os.version" value="5.4.0-37-generic" />
    <property name="application.args" value="" />
    <property name="manifest.custom.permissions" value="" />
    <property name="libs.javaee-api-7.0.maven-pom" value="" />
    <property name="main.class.available" value="true" />
    <property name="sun.awt.enableExtraMouseButtons" value="true" />
    <property name="sun.desktop" value="gnome" />
    <property name="javafx.deploy.allowoffline" value="true" />
    <property name="libs.restlib.javadoc" value="" />
    <property name="libs.JAXB-ENDORSED.classpath" value="/home/clement/JAVAtool/netbeans/ide/modules/ext/jaxb/api/jaxb-api.jar" />
    <property name="nb.internal.action.name" value="test.single" />
    <property name="run.test.modulepath" value="" />
    <property name="libs.javaee-api-7.0.javadoc" value="/home/clement/JAVAtool/netbeans/enterprise/docs/javaee-doc-api.jar" />
    <property name="libs.eclipselink.classpath" value="/home/clement/JAVAtool/netbeans/java/modules/ext/eclipselink/org.eclipse.persistence.core-2.5.2.jar:/home/clement/JAVAtool/netbeans/java/modules/ext/eclipselink/org.eclipse.persistence.asm-2.5.2.jar:/home/clement/JAVAtool/netbeans/java/modules/ext/eclipselink/org.eclipse.persistence.antlr-2.5.2.jar:/home/clement/JAVAtool/netbeans/java/modules/ext/eclipselink/org.eclipse.persistence.jpa-2.5.2.jar:/home/clement/JAVAtool/netbeans/java/modules/ext/eclipselink/org.eclipse.persistence.jpa.jpql-2.5.2.jar:/home/clement/JAVAtool/netbeans/java/modules/ext/eclipselink/javax.persistence-2.1.0.jar" />
    <property name="java.awt.graphicsenv" value="sun.awt.X11GraphicsEnvironment" />
    <property name="java.vm.vendor" value="Oracle Corporation" />
    <property name="libs.CopyLibs.classpath" value="/home/clement/JAVAtool/netbeans/java/ant/extra/org-netbeans-modules-java-j2seproject-copylibstask.jar" />
    <property name="libs.javaee-api-8.0.src" value="" />
    <property name="libs.maven-dependencies.javadoc" value="/home/clement/JAVAtool/netbeans/enterprise/docs/javaee-doc-api.jar" />
    <property name="libs.spring-framework300.classpath" value="/home/clement/JAVAtool/netbeans/ide/modules/org-apache-commons-logging.jar:/home/clement/JAVAtool/netbeans/java/modules/ext/cglib-2.2.jar:/home/clement/JAVAtool/netbeans/java/modules/ext/spring-3.0/spring-aop-3.2.7.RELEASE.jar:/home/clement/JAVAtool/netbeans/java/modules/ext/spring-3.0/spring-aspects-3.2.7.RELEASE.jar:/home/clement/JAVAtool/netbeans/java/modules/ext/spring-3.0/spring-beans-3.2.7.RELEASE.jar:/home/clement/JAVAtool/netbeans/java/modules/ext/spring-3.0/spring-build-src-3.2.7.RELEASE.jar:/home/clement/JAVAtool/netbeans/java/modules/ext/spring-3.0/spring-context-3.2.7.RELEASE.jar:/home/clement/JAVAtool/netbeans/java/modules/ext/spring-3.0/spring-context-support-3.2.7.RELEASE.jar:/home/clement/JAVAtool/netbeans/java/modules/ext/spring-3.0/spring-core-3.2.7.RELEASE.jar:/home/clement/JAVAtool/netbeans/java/modules/ext/spring-3.0/spring-expression-3.2.7.RELEASE.jar:/home/clement/JAVAtool/netbeans/java/modules/ext/spring-3.0/spring-framework-bom-3.2.7.RELEASE.jar:/home/clement/JAVAtool/netbeans/java/modules/ext/spring-3.0/spring-instrument-3.2.7.RELEASE.jar:/home/clement/JAVAtool/netbeans/java/modules/ext/spring-3.0/spring-instrument-tomcat-3.2.7.RELEASE.jar:/home/clement/JAVAtool/netbeans/java/modules/ext/spring-3.0/spring-jdbc-3.2.7.RELEASE.jar:/home/clement/JAVAtool/netbeans/java/modules/ext/spring-3.0/spring-jms-3.2.7.RELEASE.jar:/home/clement/JAVAtool/netbeans/java/modules/ext/spring-3.0/spring-orm-3.2.7.RELEASE.jar:/home/clement/JAVAtool/netbeans/java/modules/ext/spring-3.0/spring-oxm-3.2.7.RELEASE.jar:/home/clement/JAVAtool/netbeans/java/modules/ext/spring-3.0/spring-struts-3.2.7.RELEASE.jar:/home/clement/JAVAtool/netbeans/java/modules/ext/spring-3.0/spring-test-3.2.7.RELEASE.jar:/home/clement/JAVAtool/netbeans/java/modules/ext/spring-3.0/spring-tx-3.2.7.RELEASE.jar:/home/clement/JAVAtool/netbeans/java/modules/ext/spring-3.0/spring-web-3.2.7.RELEASE.jar:/home/clement/JAVAtool/netbeans/java/modules/ext/spring-3.0/spring-webmvc-3.2.7.RELEASE.jar:/home/clement/JAVAtool/netbeans/java/modules/ext/spring-3.0/spring-webmvc-portlet-3.2.7.RELEASE.jar" />
    <property name="libs.jsp-compiler.maven-pom" value="" />
    <property name="libs.junit_5.maven-pom" value="" />
    <property name="libs.hamcrest.src" value="" />
    <property name="run.jvmargs" value="" />
    <property name="libs.JAXB-ENDORSED.src" value="" />
    <property name="libs.testng.javadoc" value="/home/clement/JAVAtool/netbeans/platform/docs/testng-6.8.1-javadoc.zip" />
    <property name="libs.PostgreSQLDriver.classpath" value="/home/clement/JAVAtool/netbeans/ide/modules/ext/postgresql-42.2.5.jar" />
    <property name="libs.jsf12.maven-pom" value="" />
    <property name="annotation.processing.source.output" value="build/generated-sources/ap-source-output" />
    <property name="main.class" value="com.javafx.main.Main" />
    <property name="libs.CopyLibs.src" value="" />
    <property name="build.dir" value="build" />
    <property name="libs.jsp-compilation.classpath" value="/home/clement/JAVAtool/netbeans/extide/ant/lib/ant.jar:/home/clement/JAVAtool/netbeans/enterprise/modules/ext/servlet3.1-jsp2.3-api.jar:/home/clement/JAVAtool/netbeans/enterprise/modules/ext/glassfish-jspparser-4.0.jar:/home/clement/JAVAtool/netbeans/enterprise/modules/ext/jsf-2_2/javax.faces.jar:/home/clement/JAVAtool/netbeans/enterprise/modules/ext/jstl-api.jar:/home/clement/JAVAtool/netbeans/extide/ant/lib/ant-launcher.jar" />
    <property name="libs.javaee-web-api-8.0.javadoc" value="/home/clement/JAVAtool/netbeans/enterprise/docs/javaee-doc-api.jar" />
    <property name="debug.modulepath" value="" />
    <property name="ant.version" value="Apache Ant(TM) version 1.10.4 compiled on June 19 2018" />
    <property name="file.encoding" value="UTF-8" />
    <property name="jdk.lang.Process.allowAmbiguousCommands" value="true" />
    <property name="build.classes.excludes" value="**/*.java,**/*.form" />
    <property name="jdkBug6558476" value="false" />
    <property name="javadoc.nonavbar" value="false" />
    <property name="libs.spring-webmvc4.0.classpath" value="/home/clement/JAVAtool/netbeans/java/modules/ext/spring-4/spring-webmvc-4.0.1.RELEASE.jar" />
    <property name="platform.active" value="default_platform" />
    <property name="libs.javaee-web-api-8.0.maven-pom" value="" />
    <property name="awt.toolkit" value="sun.awt.X11.XToolkit" />
    <property name="libs.javaee-web-api-7.0.javadoc" value="/home/clement/JAVAtool/netbeans/enterprise/docs/javaee-doc-api.jar" />
  </properties>
  <testcase classname="TestCombat.CombatTestClement" name="AttackEgaliterTestRL" time="0.161">
    <error type="java.lang.ExceptionInInitializerError">java.lang.ExceptionInInitializerError
	at ClasseAdvencedWars.Case.Plain.&lt;init&gt;(Plain.java:23)
	at TestCombat.CombatTestClement.setup(CombatTestClement.java:51)
Caused by: java.lang.RuntimeException: Internal graphics not initialized yet
	at com.sun.glass.ui.Screen.getScreens(Screen.java:70)
	at com.sun.javafx.tk.quantum.QuantumToolkit.getScreens(QuantumToolkit.java:742)
	at com.sun.javafx.tk.quantum.QuantumToolkit.getMaxRenderScale(QuantumToolkit.java:762)
	at com.sun.javafx.tk.quantum.QuantumToolkit.loadImage(QuantumToolkit.java:770)
	at javafx.scene.image.Image.loadImage(Image.java:1065)
	at javafx.scene.image.Image.initialize(Image.java:807)
	at javafx.scene.image.Image.&lt;init&gt;(Image.java:621)
	at sample.BibliotequeImage.&lt;clinit&gt;(BibliotequeImage.java:8)
</error>
  </testcase>
  <testcase classname="TestCombat.CombatTestClement" name="AttackEgaliterTestInf" time="0.002">
    <error message="Could not initialize class sample.BibliotequeImage" type="java.lang.NoClassDefFoundError">java.lang.NoClassDefFoundError: Could not initialize class sample.BibliotequeImage
	at ClasseAdvencedWars.Case.Plain.&lt;init&gt;(Plain.java:23)
	at TestCombat.CombatTestClement.setup(CombatTestClement.java:51)
</error>
  </testcase>
  <testcase classname="TestCombat.CombatTestClement" name="setUnitTestRL" time="0.002">
    <error message="Could not initialize class sample.BibliotequeImage" type="java.lang.NoClassDefFoundError">java.lang.NoClassDefFoundError: Could not initialize class sample.BibliotequeImage
	at ClasseAdvencedWars.Case.Plain.&lt;init&gt;(Plain.java:23)
	at TestCombat.CombatTestClement.setup(CombatTestClement.java:51)
</error>
  </testcase>
  <testcase classname="TestCombat.CombatTestClement" name="AttackTestrLauncherVSinf" time="0.002">
    <error message="Could not initialize class sample.BibliotequeImage" type="java.lang.NoClassDefFoundError">java.lang.NoClassDefFoundError: Could not initialize class sample.BibliotequeImage
	at ClasseAdvencedWars.Case.Plain.&lt;init&gt;(Plain.java:23)
	at TestCombat.CombatTestClement.setup(CombatTestClement.java:51)
</error>
  </testcase>
  <testcase classname="TestCombat.CombatTestClement" name="AttackTestTankVSInf" time="0.001">
    <error message="Could not initialize class sample.BibliotequeImage" type="java.lang.NoClassDefFoundError">java.lang.NoClassDefFoundError: Could not initialize class sample.BibliotequeImage
	at ClasseAdvencedWars.Case.Plain.&lt;init&gt;(Plain.java:23)
	at TestCombat.CombatTestClement.setup(CombatTestClement.java:51)
</error>
  </testcase>
  <testcase classname="TestCombat.CombatTestClement" name="AttackTestInfVSTank" time="0.001">
    <error message="Could not initialize class sample.BibliotequeImage" type="java.lang.NoClassDefFoundError">java.lang.NoClassDefFoundError: Could not initialize class sample.BibliotequeImage
	at ClasseAdvencedWars.Case.Plain.&lt;init&gt;(Plain.java:23)
	at TestCombat.CombatTestClement.setup(CombatTestClement.java:51)
</error>
  </testcase>
  <testcase classname="TestCombat.CombatTestClement" name="FriendExceptionTest" time="0.002">
    <error message="Could not initialize class sample.BibliotequeImage" type="java.lang.NoClassDefFoundError">java.lang.NoClassDefFoundError: Could not initialize class sample.BibliotequeImage
	at ClasseAdvencedWars.Case.Plain.&lt;init&gt;(Plain.java:23)
	at TestCombat.CombatTestClement.setup(CombatTestClement.java:51)
</error>
  </testcase>
  <testcase classname="TestCombat.CombatTestClement" name="AttackTestInfVSrLauncher" time="0.001">
    <error message="Could not initialize class sample.BibliotequeImage" type="java.lang.NoClassDefFoundError">java.lang.NoClassDefFoundError: Could not initialize class sample.BibliotequeImage
	at ClasseAdvencedWars.Case.Plain.&lt;init&gt;(Plain.java:23)
	at TestCombat.CombatTestClement.setup(CombatTestClement.java:51)
</error>
  </testcase>
  <testcase classname="TestCombat.CombatTestClement" name="setUnitTestTank" time="0.002">
    <error message="Could not initialize class sample.BibliotequeImage" type="java.lang.NoClassDefFoundError">java.lang.NoClassDefFoundError: Could not initialize class sample.BibliotequeImage
	at ClasseAdvencedWars.Case.Plain.&lt;init&gt;(Plain.java:23)
	at TestCombat.CombatTestClement.setup(CombatTestClement.java:51)
</error>
  </testcase>
  <testcase classname="TestCombat.CombatTestClement" name="AttackTestTankVSrLauncher" time="0.001">
    <error message="Could not initialize class sample.BibliotequeImage" type="java.lang.NoClassDefFoundError">java.lang.NoClassDefFoundError: Could not initialize class sample.BibliotequeImage
	at ClasseAdvencedWars.Case.Plain.&lt;init&gt;(Plain.java:23)
	at TestCombat.CombatTestClement.setup(CombatTestClement.java:51)
</error>
  </testcase>
  <testcase classname="TestCombat.CombatTestClement" name="AttackTestrLauncherVStank" time="0.001">
    <error message="Could not initialize class sample.BibliotequeImage" type="java.lang.NoClassDefFoundError">java.lang.NoClassDefFoundError: Could not initialize class sample.BibliotequeImage
	at ClasseAdvencedWars.Case.Plain.&lt;init&gt;(Plain.java:23)
	at TestCombat.CombatTestClement.setup(CombatTestClement.java:51)
</error>
  </testcase>
  <testcase classname="TestCombat.CombatTestClement" name="nullableTest" time="0.013">
    <error message="Could not initialize class sample.BibliotequeImage" type="java.lang.NoClassDefFoundError">java.lang.NoClassDefFoundError: Could not initialize class sample.BibliotequeImage
	at ClasseAdvencedWars.Case.Plain.&lt;init&gt;(Plain.java:23)
	at TestCombat.CombatTestClement.setup(CombatTestClement.java:51)
</error>
  </testcase>
  <testcase classname="TestCombat.CombatTestClement" name="setUnitTestInf" time="0.002">
    <error message="Could not initialize class sample.BibliotequeImage" type="java.lang.NoClassDefFoundError">java.lang.NoClassDefFoundError: Could not initialize class sample.BibliotequeImage
	at ClasseAdvencedWars.Case.Plain.&lt;init&gt;(Plain.java:23)
	at TestCombat.CombatTestClement.setup(CombatTestClement.java:51)
</error>
  </testcase>
  <testcase classname="TestCombat.CombatTestClement" name="AttackEgaliterTestTank" time="0.001">
    <error message="Could not initialize class sample.BibliotequeImage" type="java.lang.NoClassDefFoundError">java.lang.NoClassDefFoundError: Could not initialize class sample.BibliotequeImage
	at ClasseAdvencedWars.Case.Plain.&lt;init&gt;(Plain.java:23)
	at TestCombat.CombatTestClement.setup(CombatTestClement.java:51)
</error>
  </testcase>
  <system-out><![CDATA[]]></system-out>
  <system-err><![CDATA[]]></system-err>
</testsuite>
